{"level":"info","time":"2025-07-12T01:06:14.793Z","pid":16682,"hostname":"Lesters-MacBook-Pro.local","msg":"Processing FTP request with data:"}
{"level":"info","time":"2025-07-12T01:16:18.252Z","pid":27520,"hostname":"Lesters-MacBook-Pro.local","msg":"Processing FTP request with data:"}
{"level":"info","time":"2025-07-12T01:25:17.800Z","pid":56024,"hostname":"Lesters-MacBook-Pro.local","msg":"Processing FTP request with data:"}
{"level":"info","time":"2025-07-12T01:26:48.183Z","pid":58837,"hostname":"Lesters-MacBook-Pro.local","msg":"Processing FTP request with data"}
{"level":"info","time":"2025-07-12T01:26:48.184Z","pid":58837,"hostname":"Lesters-MacBook-Pro.local","msg":"Listing files in FTP directory:"}
{"level":"info","time":"2025-07-12T01:26:48.568Z","pid":58837,"hostname":"Lesters-MacBook-Pro.local","msg":"Transferred 0 bytes"}
{"level":"info","time":"2025-07-12T01:26:48.692Z","pid":58837,"hostname":"Lesters-MacBook-Pro.local","msg":"Transferred 4301 bytes"}
{"level":"info","time":"2025-07-12T01:33:02.269Z","pid":64886,"hostname":"Lesters-MacBook-Pro.local","msg":"Processing FTP request with data"}
{"level":"info","time":"2025-07-12T01:33:02.270Z","pid":64886,"hostname":"Lesters-MacBook-Pro.local","msg":"Listing files in FTP directory:"}
{"level":"info","time":"2025-07-12T01:33:02.920Z","pid":64886,"hostname":"Lesters-MacBook-Pro.local","msg":"Transferred 0 bytes"}
{"level":"info","time":"2025-07-12T01:33:03.059Z","pid":64886,"hostname":"Lesters-MacBook-Pro.local","msg":"Transferred 4301 bytes"}
{"level":"info","time":"2025-07-12T01:33:03.474Z","pid":64886,"hostname":"Lesters-MacBook-Pro.local","msg":"Transferred 0 bytes"}
{"level":"info","time":"2025-07-12T01:33:03.975Z","pid":64886,"hostname":"Lesters-MacBook-Pro.local","msg":"Transferred 81920 bytes"}
{"level":"info","time":"2025-07-12T01:33:04.235Z","pid":64886,"hostname":"Lesters-MacBook-Pro.local","msg":"Transferred 353147 bytes"}
{"level":"info","time":"2025-07-12T01:33:04.645Z","pid":64886,"hostname":"Lesters-MacBook-Pro.local","msg":"Transferred 0 bytes"}
{"level":"info","time":"2025-07-12T01:33:05.146Z","pid":64886,"hostname":"Lesters-MacBook-Pro.local","msg":"Transferred 163840 bytes"}
{"level":"info","time":"2025-07-12T01:33:05.365Z","pid":64886,"hostname":"Lesters-MacBook-Pro.local","msg":"Transferred 344419 bytes"}
{"level":"info","time":"2025-07-12T01:33:05.779Z","pid":64886,"hostname":"Lesters-MacBook-Pro.local","msg":"Transferred 0 bytes"}
{"level":"info","time":"2025-07-12T01:33:06.279Z","pid":64886,"hostname":"Lesters-MacBook-Pro.local","msg":"Transferred 163840 bytes"}
{"level":"info","time":"2025-07-12T01:33:06.397Z","pid":64886,"hostname":"Lesters-MacBook-Pro.local","msg":"Transferred 242924 bytes"}
{"level":"info","time":"2025-07-12T01:33:06.815Z","pid":64886,"hostname":"Lesters-MacBook-Pro.local","msg":"Transferred 0 bytes"}
{"level":"info","time":"2025-07-12T01:33:07.315Z","pid":64886,"hostname":"Lesters-MacBook-Pro.local","msg":"Transferred 65536 bytes"}
{"level":"info","time":"2025-07-12T01:33:07.513Z","pid":64886,"hostname":"Lesters-MacBook-Pro.local","msg":"Transferred 223083 bytes"}
{"level":"info","time":"2025-07-12T01:33:07.922Z","pid":64886,"hostname":"Lesters-MacBook-Pro.local","msg":"Transferred 0 bytes"}
{"level":"info","time":"2025-07-12T01:33:08.423Z","pid":64886,"hostname":"Lesters-MacBook-Pro.local","msg":"Transferred 147456 bytes"}
{"level":"info","time":"2025-07-12T01:33:08.552Z","pid":64886,"hostname":"Lesters-MacBook-Pro.local","msg":"Transferred 208991 bytes"}
{"level":"info","time":"2025-07-12T01:33:08.960Z","pid":64886,"hostname":"Lesters-MacBook-Pro.local","msg":"Transferred 0 bytes"}
{"level":"info","time":"2025-07-12T01:33:09.462Z","pid":64886,"hostname":"Lesters-MacBook-Pro.local","msg":"Transferred 180224 bytes"}
{"level":"info","time":"2025-07-12T01:33:09.552Z","pid":64886,"hostname":"Lesters-MacBook-Pro.local","msg":"Transferred 229276 bytes"}
{"level":"info","time":"2025-07-12T01:33:09.969Z","pid":64886,"hostname":"Lesters-MacBook-Pro.local","msg":"Transferred 0 bytes"}
{"level":"info","time":"2025-07-12T01:33:10.470Z","pid":64886,"hostname":"Lesters-MacBook-Pro.local","msg":"Transferred 163840 bytes"}
{"level":"info","time":"2025-07-12T01:33:10.543Z","pid":64886,"hostname":"Lesters-MacBook-Pro.local","msg":"Transferred 233441 bytes"}
{"level":"info","time":"2025-07-12T01:33:10.949Z","pid":64886,"hostname":"Lesters-MacBook-Pro.local","msg":"Transferred 0 bytes"}
{"level":"info","time":"2025-07-12T01:33:11.449Z","pid":64886,"hostname":"Lesters-MacBook-Pro.local","msg":"Transferred 163840 bytes"}
{"level":"info","time":"2025-07-12T01:33:11.562Z","pid":64886,"hostname":"Lesters-MacBook-Pro.local","msg":"Transferred 234196 bytes"}
{"level":"info","time":"2025-07-12T01:33:11.972Z","pid":64886,"hostname":"Lesters-MacBook-Pro.local","msg":"Transferred 0 bytes"}
{"level":"info","time":"2025-07-12T01:33:12.472Z","pid":64886,"hostname":"Lesters-MacBook-Pro.local","msg":"Transferred 147456 bytes"}
{"level":"info","time":"2025-07-12T01:33:12.527Z","pid":64886,"hostname":"Lesters-MacBook-Pro.local","msg":"Transferred 213687 bytes"}
{"level":"info","time":"2025-07-12T01:33:12.910Z","pid":64886,"hostname":"Lesters-MacBook-Pro.local","msg":"Transferred 0 bytes"}
{"level":"info","time":"2025-07-12T01:33:13.410Z","pid":64886,"hostname":"Lesters-MacBook-Pro.local","msg":"Transferred 147456 bytes"}
{"level":"info","time":"2025-07-12T01:33:13.494Z","pid":64886,"hostname":"Lesters-MacBook-Pro.local","msg":"Transferred 236541 bytes"}
{"level":"info","time":"2025-07-12T01:33:13.861Z","pid":64886,"hostname":"Lesters-MacBook-Pro.local","msg":"Transferred 0 bytes"}
{"level":"info","time":"2025-07-12T01:33:14.362Z","pid":64886,"hostname":"Lesters-MacBook-Pro.local","msg":"Transferred 163840 bytes"}
{"level":"info","time":"2025-07-12T01:33:14.404Z","pid":64886,"hostname":"Lesters-MacBook-Pro.local","msg":"Transferred 215533 bytes"}
{"level":"info","time":"2025-07-12T01:33:14.763Z","pid":64886,"hostname":"Lesters-MacBook-Pro.local","msg":"Transferred 0 bytes"}
{"level":"info","time":"2025-07-12T01:33:15.263Z","pid":64886,"hostname":"Lesters-MacBook-Pro.local","msg":"Transferred 163840 bytes"}
{"level":"info","time":"2025-07-12T01:33:15.334Z","pid":64886,"hostname":"Lesters-MacBook-Pro.local","msg":"Transferred 236224 bytes"}
{"level":"info","time":"2025-07-12T01:33:15.706Z","pid":64886,"hostname":"Lesters-MacBook-Pro.local","msg":"Transferred 0 bytes"}
{"level":"info","time":"2025-07-12T01:33:16.207Z","pid":64886,"hostname":"Lesters-MacBook-Pro.local","msg":"Transferred 180224 bytes"}
{"level":"info","time":"2025-07-12T01:33:16.291Z","pid":64886,"hostname":"Lesters-MacBook-Pro.local","msg":"Transferred 236046 bytes"}
{"level":"info","time":"2025-07-12T01:33:16.671Z","pid":64886,"hostname":"Lesters-MacBook-Pro.local","msg":"Transferred 0 bytes"}
{"level":"info","time":"2025-07-12T01:33:17.172Z","pid":64886,"hostname":"Lesters-MacBook-Pro.local","msg":"Transferred 163840 bytes"}
{"level":"info","time":"2025-07-12T01:33:17.238Z","pid":64886,"hostname":"Lesters-MacBook-Pro.local","msg":"Transferred 216084 bytes"}
{"level":"info","time":"2025-07-12T01:33:17.611Z","pid":64886,"hostname":"Lesters-MacBook-Pro.local","msg":"Transferred 0 bytes"}
{"level":"info","time":"2025-07-12T01:33:18.112Z","pid":64886,"hostname":"Lesters-MacBook-Pro.local","msg":"Transferred 163840 bytes"}
{"level":"info","time":"2025-07-12T01:33:18.170Z","pid":64886,"hostname":"Lesters-MacBook-Pro.local","msg":"Transferred 301791 bytes"}
{"level":"info","time":"2025-07-12T01:33:18.539Z","pid":64886,"hostname":"Lesters-MacBook-Pro.local","msg":"Transferred 0 bytes"}
{"level":"info","time":"2025-07-12T01:33:19.040Z","pid":64886,"hostname":"Lesters-MacBook-Pro.local","msg":"Transferred 147456 bytes"}
{"level":"info","time":"2025-07-12T01:33:19.202Z","pid":64886,"hostname":"Lesters-MacBook-Pro.local","msg":"Transferred 302219 bytes"}
{"level":"info","time":"2025-07-12T01:33:19.583Z","pid":64886,"hostname":"Lesters-MacBook-Pro.local","msg":"Transferred 0 bytes"}
{"level":"info","time":"2025-07-12T01:33:20.084Z","pid":64886,"hostname":"Lesters-MacBook-Pro.local","msg":"Transferred 163840 bytes"}
{"level":"info","time":"2025-07-12T01:33:20.142Z","pid":64886,"hostname":"Lesters-MacBook-Pro.local","msg":"Transferred 215304 bytes"}
{"level":"info","time":"2025-07-12T01:33:20.515Z","pid":64886,"hostname":"Lesters-MacBook-Pro.local","msg":"Transferred 0 bytes"}
{"level":"info","time":"2025-07-12T01:33:21.015Z","pid":64886,"hostname":"Lesters-MacBook-Pro.local","msg":"Transferred 180224 bytes"}
{"level":"info","time":"2025-07-12T01:33:21.075Z","pid":64886,"hostname":"Lesters-MacBook-Pro.local","msg":"Transferred 215465 bytes"}
{"level":"info","time":"2025-07-12T01:33:21.447Z","pid":64886,"hostname":"Lesters-MacBook-Pro.local","msg":"Transferred 0 bytes"}
{"level":"info","time":"2025-07-12T01:33:21.948Z","pid":64886,"hostname":"Lesters-MacBook-Pro.local","msg":"Transferred 163840 bytes"}
{"level":"info","time":"2025-07-12T01:33:22.005Z","pid":64886,"hostname":"Lesters-MacBook-Pro.local","msg":"Transferred 236036 bytes"}
{"level":"info","time":"2025-07-12T01:33:22.391Z","pid":64886,"hostname":"Lesters-MacBook-Pro.local","msg":"Transferred 0 bytes"}
{"level":"info","time":"2025-07-12T01:33:22.893Z","pid":64886,"hostname":"Lesters-MacBook-Pro.local","msg":"Transferred 163840 bytes"}
{"level":"info","time":"2025-07-12T01:33:22.945Z","pid":64886,"hostname":"Lesters-MacBook-Pro.local","msg":"Transferred 210529 bytes"}
{"level":"info","time":"2025-07-12T01:33:23.310Z","pid":64886,"hostname":"Lesters-MacBook-Pro.local","msg":"Transferred 0 bytes"}
{"level":"info","time":"2025-07-12T01:33:23.811Z","pid":64886,"hostname":"Lesters-MacBook-Pro.local","msg":"Transferred 163840 bytes"}
{"level":"info","time":"2025-07-12T01:33:23.868Z","pid":64886,"hostname":"Lesters-MacBook-Pro.local","msg":"Transferred 231265 bytes"}
{"level":"info","time":"2025-07-12T01:33:24.247Z","pid":64886,"hostname":"Lesters-MacBook-Pro.local","msg":"Transferred 0 bytes"}
{"level":"info","time":"2025-07-12T01:33:24.748Z","pid":64886,"hostname":"Lesters-MacBook-Pro.local","msg":"Transferred 180224 bytes"}
{"level":"info","time":"2025-07-12T01:33:24.800Z","pid":64886,"hostname":"Lesters-MacBook-Pro.local","msg":"Transferred 213695 bytes"}
{"level":"info","time":"2025-07-12T01:33:25.168Z","pid":64886,"hostname":"Lesters-MacBook-Pro.local","msg":"Transferred 0 bytes"}
{"level":"info","time":"2025-07-12T01:33:25.668Z","pid":64886,"hostname":"Lesters-MacBook-Pro.local","msg":"Transferred 180224 bytes"}
{"level":"info","time":"2025-07-12T01:33:25.715Z","pid":64886,"hostname":"Lesters-MacBook-Pro.local","msg":"Transferred 214239 bytes"}
{"level":"info","time":"2025-07-12T01:33:26.083Z","pid":64886,"hostname":"Lesters-MacBook-Pro.local","msg":"Transferred 0 bytes"}
{"level":"info","time":"2025-07-12T01:33:26.585Z","pid":64886,"hostname":"Lesters-MacBook-Pro.local","msg":"Transferred 163840 bytes"}
{"level":"info","time":"2025-07-12T01:33:26.663Z","pid":64886,"hostname":"Lesters-MacBook-Pro.local","msg":"Transferred 234395 bytes"}
{"level":"info","time":"2025-07-12T01:33:27.033Z","pid":64886,"hostname":"Lesters-MacBook-Pro.local","msg":"Transferred 0 bytes"}
{"level":"info","time":"2025-07-12T01:33:27.528Z","pid":64886,"hostname":"Lesters-MacBook-Pro.local","msg":"Transferred 233064 bytes"}
{"level":"info","time":"2025-07-12T01:33:27.824Z","pid":64886,"hostname":"Lesters-MacBook-Pro.local","msg":"Transferred 0 bytes"}
{"level":"info","time":"2025-07-12T01:33:28.325Z","pid":64886,"hostname":"Lesters-MacBook-Pro.local","msg":"Transferred 180224 bytes"}
{"level":"info","time":"2025-07-12T01:33:28.376Z","pid":64886,"hostname":"Lesters-MacBook-Pro.local","msg":"Transferred 211981 bytes"}
{"level":"info","time":"2025-07-12T01:33:28.681Z","pid":64886,"hostname":"Lesters-MacBook-Pro.local","msg":"Transferred 0 bytes"}
{"level":"info","time":"2025-07-12T01:33:29.182Z","pid":64886,"hostname":"Lesters-MacBook-Pro.local","msg":"Transferred 147456 bytes"}
{"level":"info","time":"2025-07-12T01:33:29.217Z","pid":64886,"hostname":"Lesters-MacBook-Pro.local","msg":"Transferred 244811 bytes"}
{"level":"info","time":"2025-07-12T01:33:29.529Z","pid":64886,"hostname":"Lesters-MacBook-Pro.local","msg":"Transferred 0 bytes"}
{"level":"info","time":"2025-07-12T01:33:29.990Z","pid":64886,"hostname":"Lesters-MacBook-Pro.local","msg":"Transferred 224145 bytes"}
{"level":"info","time":"2025-07-12T01:33:30.289Z","pid":64886,"hostname":"Lesters-MacBook-Pro.local","msg":"Transferred 0 bytes"}
{"level":"info","time":"2025-07-12T01:33:30.731Z","pid":64886,"hostname":"Lesters-MacBook-Pro.local","msg":"Transferred 212630 bytes"}
{"level":"info","time":"2025-07-12T01:33:31.039Z","pid":64886,"hostname":"Lesters-MacBook-Pro.local","msg":"Transferred 0 bytes"}
{"level":"info","time":"2025-07-12T01:33:31.480Z","pid":64886,"hostname":"Lesters-MacBook-Pro.local","msg":"Transferred 233111 bytes"}
{"level":"info","time":"2025-07-12T01:33:31.795Z","pid":64886,"hostname":"Lesters-MacBook-Pro.local","msg":"Transferred 0 bytes"}
{"level":"info","time":"2025-07-12T01:33:32.295Z","pid":64886,"hostname":"Lesters-MacBook-Pro.local","msg":"Transferred 147456 bytes"}
{"level":"info","time":"2025-07-12T01:33:32.378Z","pid":64886,"hostname":"Lesters-MacBook-Pro.local","msg":"Transferred 239416 bytes"}
{"level":"info","time":"2025-07-12T01:33:32.817Z","pid":64886,"hostname":"Lesters-MacBook-Pro.local","msg":"Transferred 0 bytes"}
{"level":"info","time":"2025-07-12T01:33:33.275Z","pid":64886,"hostname":"Lesters-MacBook-Pro.local","msg":"Transferred 219284 bytes"}
{"level":"info","time":"2025-07-12T01:33:33.583Z","pid":64886,"hostname":"Lesters-MacBook-Pro.local","msg":"Transferred 0 bytes"}
{"level":"info","time":"2025-07-12T01:33:34.084Z","pid":64886,"hostname":"Lesters-MacBook-Pro.local","msg":"Transferred 180224 bytes"}
{"level":"info","time":"2025-07-12T01:33:34.158Z","pid":64886,"hostname":"Lesters-MacBook-Pro.local","msg":"Transferred 234219 bytes"}
{"level":"info","time":"2025-07-12T01:33:34.569Z","pid":64886,"hostname":"Lesters-MacBook-Pro.local","msg":"Transferred 0 bytes"}
{"level":"info","time":"2025-07-12T01:33:35.069Z","pid":64886,"hostname":"Lesters-MacBook-Pro.local","msg":"Transferred 212085 bytes"}
{"level":"info","time":"2025-07-12T01:33:35.069Z","pid":64886,"hostname":"Lesters-MacBook-Pro.local","msg":"Transferred 212085 bytes"}
{"level":"info","time":"2025-07-12T01:33:35.374Z","pid":64886,"hostname":"Lesters-MacBook-Pro.local","msg":"Transferred 0 bytes"}
{"level":"info","time":"2025-07-12T01:33:35.853Z","pid":64886,"hostname":"Lesters-MacBook-Pro.local","msg":"Transferred 176841 bytes"}
{"level":"info","time":"2025-07-12T01:33:36.242Z","pid":64886,"hostname":"Lesters-MacBook-Pro.local","msg":"Transferred 0 bytes"}
{"level":"info","time":"2025-07-12T01:33:36.743Z","pid":64886,"hostname":"Lesters-MacBook-Pro.local","msg":"Transferred 0 bytes"}
{"level":"info","time":"2025-07-12T01:33:37.048Z","pid":64886,"hostname":"Lesters-MacBook-Pro.local","msg":"Transferred 135408 bytes"}
{"level":"info","time":"2025-07-12T01:33:37.365Z","pid":64886,"hostname":"Lesters-MacBook-Pro.local","msg":"Transferred 0 bytes"}
{"level":"info","time":"2025-07-12T01:33:37.856Z","pid":64886,"hostname":"Lesters-MacBook-Pro.local","msg":"Transferred 174935 bytes"}
{"level":"info","time":"2025-07-12T01:33:38.152Z","pid":64886,"hostname":"Lesters-MacBook-Pro.local","msg":"Transferred 0 bytes"}
{"level":"info","time":"2025-07-12T01:33:38.652Z","pid":64886,"hostname":"Lesters-MacBook-Pro.local","msg":"Transferred 229376 bytes"}
{"level":"info","time":"2025-07-12T01:33:38.667Z","pid":64886,"hostname":"Lesters-MacBook-Pro.local","msg":"Transferred 235069 bytes"}
{"level":"info","time":"2025-07-12T01:33:39.166Z","pid":64886,"hostname":"Lesters-MacBook-Pro.local","msg":"Transferred 0 bytes"}
{"level":"info","time":"2025-07-12T01:33:39.668Z","pid":64886,"hostname":"Lesters-MacBook-Pro.local","msg":"Transferred 98304 bytes"}
{"level":"info","time":"2025-07-12T01:33:39.771Z","pid":64886,"hostname":"Lesters-MacBook-Pro.local","msg":"Transferred 214509 bytes"}
{"level":"info","time":"2025-07-12T01:33:40.080Z","pid":64886,"hostname":"Lesters-MacBook-Pro.local","msg":"Transferred 0 bytes"}
{"level":"info","time":"2025-07-12T01:33:40.580Z","pid":64886,"hostname":"Lesters-MacBook-Pro.local","msg":"Transferred 196608 bytes"}
{"level":"info","time":"2025-07-12T01:33:40.585Z","pid":64886,"hostname":"Lesters-MacBook-Pro.local","msg":"Transferred 223442 bytes"}
{"level":"info","time":"2025-07-12T01:33:40.890Z","pid":64886,"hostname":"Lesters-MacBook-Pro.local","msg":"Transferred 0 bytes"}
{"level":"info","time":"2025-07-12T01:33:41.380Z","pid":64886,"hostname":"Lesters-MacBook-Pro.local","msg":"Transferred 244449 bytes"}
{"level":"info","time":"2025-07-12T01:33:41.710Z","pid":64886,"hostname":"Lesters-MacBook-Pro.local","msg":"Transferred 0 bytes"}
{"level":"info","time":"2025-07-12T01:33:42.210Z","pid":64886,"hostname":"Lesters-MacBook-Pro.local","msg":"Transferred 180224 bytes"}
{"level":"info","time":"2025-07-12T01:33:42.242Z","pid":64886,"hostname":"Lesters-MacBook-Pro.local","msg":"Transferred 237445 bytes"}
{"level":"info","time":"2025-07-12T01:33:42.588Z","pid":64886,"hostname":"Lesters-MacBook-Pro.local","msg":"Transferred 0 bytes"}
{"level":"info","time":"2025-07-12T01:33:43.089Z","pid":64886,"hostname":"Lesters-MacBook-Pro.local","msg":"Transferred 131072 bytes"}
{"level":"info","time":"2025-07-12T01:33:43.121Z","pid":64886,"hostname":"Lesters-MacBook-Pro.local","msg":"Transferred 238942 bytes"}
{"level":"info","time":"2025-07-12T01:33:43.463Z","pid":64886,"hostname":"Lesters-MacBook-Pro.local","msg":"Transferred 0 bytes"}
{"level":"info","time":"2025-07-12T01:33:43.963Z","pid":64886,"hostname":"Lesters-MacBook-Pro.local","msg":"Transferred 147456 bytes"}
{"level":"info","time":"2025-07-12T01:33:43.982Z","pid":64886,"hostname":"Lesters-MacBook-Pro.local","msg":"Transferred 234725 bytes"}
{"level":"info","time":"2025-07-12T01:33:44.316Z","pid":64886,"hostname":"Lesters-MacBook-Pro.local","msg":"Transferred 0 bytes"}
{"level":"info","time":"2025-07-12T01:33:44.817Z","pid":64886,"hostname":"Lesters-MacBook-Pro.local","msg":"Transferred 196608 bytes"}
{"level":"info","time":"2025-07-12T01:33:44.819Z","pid":64886,"hostname":"Lesters-MacBook-Pro.local","msg":"Transferred 232822 bytes"}
{"level":"info","time":"2025-07-12T01:33:45.135Z","pid":64886,"hostname":"Lesters-MacBook-Pro.local","msg":"Transferred 0 bytes"}
{"level":"info","time":"2025-07-12T01:33:45.636Z","pid":64886,"hostname":"Lesters-MacBook-Pro.local","msg":"Transferred 196608 bytes"}
{"level":"info","time":"2025-07-12T01:33:45.649Z","pid":64886,"hostname":"Lesters-MacBook-Pro.local","msg":"Transferred 254730 bytes"}
{"level":"info","time":"2025-07-12T01:33:45.980Z","pid":64886,"hostname":"Lesters-MacBook-Pro.local","msg":"Transferred 0 bytes"}
{"level":"info","time":"2025-07-12T01:33:46.480Z","pid":64886,"hostname":"Lesters-MacBook-Pro.local","msg":"Transferred 147456 bytes"}
{"level":"info","time":"2025-07-12T01:33:46.490Z","pid":64886,"hostname":"Lesters-MacBook-Pro.local","msg":"Transferred 209135 bytes"}
{"level":"info","time":"2025-07-12T01:33:46.815Z","pid":64886,"hostname":"Lesters-MacBook-Pro.local","msg":"Transferred 0 bytes"}
{"level":"info","time":"2025-07-12T01:33:47.271Z","pid":64886,"hostname":"Lesters-MacBook-Pro.local","msg":"Transferred 233614 bytes"}
{"level":"info","time":"2025-07-12T01:33:47.600Z","pid":64886,"hostname":"Lesters-MacBook-Pro.local","msg":"Transferred 0 bytes"}
{"level":"info","time":"2025-07-12T01:33:48.053Z","pid":64886,"hostname":"Lesters-MacBook-Pro.local","msg":"Transferred 244892 bytes"}
{"level":"info","time":"2025-07-12T01:33:48.380Z","pid":64886,"hostname":"Lesters-MacBook-Pro.local","msg":"Transferred 0 bytes"}
{"level":"info","time":"2025-07-12T01:33:48.865Z","pid":64886,"hostname":"Lesters-MacBook-Pro.local","msg":"Transferred 224315 bytes"}
{"level":"info","time":"2025-07-12T01:33:49.198Z","pid":64886,"hostname":"Lesters-MacBook-Pro.local","msg":"Transferred 0 bytes"}
{"level":"info","time":"2025-07-12T01:33:49.700Z","pid":64886,"hostname":"Lesters-MacBook-Pro.local","msg":"Transferred 212992 bytes"}
{"level":"info","time":"2025-07-12T01:33:49.713Z","pid":64886,"hostname":"Lesters-MacBook-Pro.local","msg":"Transferred 223397 bytes"}
{"level":"info","time":"2025-07-12T01:33:50.075Z","pid":64886,"hostname":"Lesters-MacBook-Pro.local","msg":"Transferred 0 bytes"}
{"level":"info","time":"2025-07-12T01:33:50.569Z","pid":64886,"hostname":"Lesters-MacBook-Pro.local","msg":"Transferred 223766 bytes"}
{"level":"info","time":"2025-07-12T01:33:50.914Z","pid":64886,"hostname":"Lesters-MacBook-Pro.local","msg":"Transferred 0 bytes"}
{"level":"info","time":"2025-07-12T01:33:51.405Z","pid":64886,"hostname":"Lesters-MacBook-Pro.local","msg":"Transferred 244669 bytes"}
{"level":"info","time":"2025-07-12T01:33:51.732Z","pid":64886,"hostname":"Lesters-MacBook-Pro.local","msg":"Transferred 0 bytes"}
{"level":"info","time":"2025-07-12T01:33:52.183Z","pid":64886,"hostname":"Lesters-MacBook-Pro.local","msg":"Transferred 211396 bytes"}
{"level":"info","time":"2025-07-12T01:33:52.511Z","pid":64886,"hostname":"Lesters-MacBook-Pro.local","msg":"Transferred 0 bytes"}
{"level":"info","time":"2025-07-12T01:33:52.979Z","pid":64886,"hostname":"Lesters-MacBook-Pro.local","msg":"Transferred 227001 bytes"}
{"level":"info","time":"2025-07-12T01:33:53.306Z","pid":64886,"hostname":"Lesters-MacBook-Pro.local","msg":"Transferred 0 bytes"}
{"level":"info","time":"2025-07-12T01:33:53.806Z","pid":64886,"hostname":"Lesters-MacBook-Pro.local","msg":"Transferred 262144 bytes"}
{"level":"info","time":"2025-07-12T01:33:53.901Z","pid":64886,"hostname":"Lesters-MacBook-Pro.local","msg":"Transferred 363210 bytes"}
{"level":"info","time":"2025-07-12T01:33:54.219Z","pid":64886,"hostname":"Lesters-MacBook-Pro.local","msg":"Transferred 0 bytes"}
{"level":"info","time":"2025-07-12T01:33:54.719Z","pid":64886,"hostname":"Lesters-MacBook-Pro.local","msg":"Transferred 311296 bytes"}
{"level":"info","time":"2025-07-12T01:33:54.758Z","pid":64886,"hostname":"Lesters-MacBook-Pro.local","msg":"Transferred 363071 bytes"}
{"level":"info","time":"2025-07-12T01:33:55.075Z","pid":64886,"hostname":"Lesters-MacBook-Pro.local","msg":"Transferred 0 bytes"}
{"level":"info","time":"2025-07-12T01:33:55.574Z","pid":64886,"hostname":"Lesters-MacBook-Pro.local","msg":"Transferred 327680 bytes"}
{"level":"info","time":"2025-07-12T01:33:55.634Z","pid":64886,"hostname":"Lesters-MacBook-Pro.local","msg":"Transferred 356684 bytes"}
{"level":"info","time":"2025-07-12T01:33:55.954Z","pid":64886,"hostname":"Lesters-MacBook-Pro.local","msg":"Transferred 0 bytes"}
{"level":"info","time":"2025-07-12T01:33:56.454Z","pid":64886,"hostname":"Lesters-MacBook-Pro.local","msg":"Transferred 229376 bytes"}
{"level":"info","time":"2025-07-12T01:33:56.549Z","pid":64886,"hostname":"Lesters-MacBook-Pro.local","msg":"Transferred 356951 bytes"}
{"level":"info","time":"2025-07-12T01:33:56.647Z","pid":64886,"hostname":"Lesters-MacBook-Pro.local","msg":"Files downloaded to public/ftp directory"}
{"level":"info","time":"2025-07-12T01:35:44.080Z","pid":68649,"hostname":"Lesters-MacBook-Pro.local","msg":"Processing FTP request with data"}
{"level":"info","time":"2025-07-12T01:35:44.589Z","pid":68649,"hostname":"Lesters-MacBook-Pro.local","msg":"Transferred 0 bytes"}
{"level":"info","time":"2025-07-12T01:35:44.705Z","pid":68649,"hostname":"Lesters-MacBook-Pro.local","msg":"Transferred 4301 bytes"}
{"level":"info","time":"2025-07-12T01:35:45.029Z","pid":68649,"hostname":"Lesters-MacBook-Pro.local","msg":"Transferred 0 bytes"}
{"level":"info","time":"2025-07-12T01:35:45.529Z","pid":68649,"hostname":"Lesters-MacBook-Pro.local","msg":"Transferred 196608 bytes"}
{"level":"info","time":"2025-07-12T01:35:45.647Z","pid":68649,"hostname":"Lesters-MacBook-Pro.local","msg":"Transferred 353147 bytes"}
{"level":"info","time":"2025-07-12T01:35:45.974Z","pid":68649,"hostname":"Lesters-MacBook-Pro.local","msg":"Transferred 0 bytes"}
{"level":"info","time":"2025-07-12T01:35:46.475Z","pid":68649,"hostname":"Lesters-MacBook-Pro.local","msg":"Transferred 180224 bytes"}
{"level":"info","time":"2025-07-12T01:35:46.568Z","pid":68649,"hostname":"Lesters-MacBook-Pro.local","msg":"Transferred 344419 bytes"}
{"level":"info","time":"2025-07-12T01:35:46.900Z","pid":68649,"hostname":"Lesters-MacBook-Pro.local","msg":"Transferred 0 bytes"}
{"level":"info","time":"2025-07-12T01:35:47.401Z","pid":68649,"hostname":"Lesters-MacBook-Pro.local","msg":"Transferred 196608 bytes"}
{"level":"info","time":"2025-07-12T01:35:47.438Z","pid":68649,"hostname":"Lesters-MacBook-Pro.local","msg":"Transferred 242924 bytes"}
{"level":"info","time":"2025-07-12T01:35:47.757Z","pid":68649,"hostname":"Lesters-MacBook-Pro.local","msg":"Transferred 0 bytes"}
{"level":"info","time":"2025-07-12T01:35:48.259Z","pid":68649,"hostname":"Lesters-MacBook-Pro.local","msg":"Transferred 163840 bytes"}
{"level":"info","time":"2025-07-12T01:35:48.269Z","pid":68649,"hostname":"Lesters-MacBook-Pro.local","msg":"Transferred 223083 bytes"}
{"level":"info","time":"2025-07-12T01:35:48.564Z","pid":68649,"hostname":"Lesters-MacBook-Pro.local","msg":"Transferred 0 bytes"}
{"level":"info","time":"2025-07-12T01:35:49.061Z","pid":68649,"hostname":"Lesters-MacBook-Pro.local","msg":"Transferred 208991 bytes"}
{"level":"info","time":"2025-07-12T01:35:49.375Z","pid":68649,"hostname":"Lesters-MacBook-Pro.local","msg":"Transferred 0 bytes"}
{"level":"info","time":"2025-07-12T01:35:49.877Z","pid":68649,"hostname":"Lesters-MacBook-Pro.local","msg":"Transferred 163840 bytes"}
{"level":"info","time":"2025-07-12T01:35:49.930Z","pid":68649,"hostname":"Lesters-MacBook-Pro.local","msg":"Transferred 229276 bytes"}
{"level":"info","time":"2025-07-12T01:35:50.240Z","pid":68649,"hostname":"Lesters-MacBook-Pro.local","msg":"Transferred 0 bytes"}
{"level":"info","time":"2025-07-12T01:35:50.742Z","pid":68649,"hostname":"Lesters-MacBook-Pro.local","msg":"Transferred 163840 bytes"}
{"level":"info","time":"2025-07-12T01:35:50.782Z","pid":68649,"hostname":"Lesters-MacBook-Pro.local","msg":"Transferred 233441 bytes"}
{"level":"info","time":"2025-07-12T01:35:51.095Z","pid":68649,"hostname":"Lesters-MacBook-Pro.local","msg":"Transferred 0 bytes"}
{"level":"info","time":"2025-07-12T01:35:51.596Z","pid":68649,"hostname":"Lesters-MacBook-Pro.local","msg":"Transferred 147456 bytes"}
{"level":"info","time":"2025-07-12T01:35:51.621Z","pid":68649,"hostname":"Lesters-MacBook-Pro.local","msg":"Transferred 234196 bytes"}
{"level":"info","time":"2025-07-12T01:35:51.923Z","pid":68649,"hostname":"Lesters-MacBook-Pro.local","msg":"Transferred 0 bytes"}
{"level":"info","time":"2025-07-12T01:35:52.414Z","pid":68649,"hostname":"Lesters-MacBook-Pro.local","msg":"Transferred 213687 bytes"}
{"level":"info","time":"2025-07-12T01:35:52.719Z","pid":68649,"hostname":"Lesters-MacBook-Pro.local","msg":"Transferred 0 bytes"}
{"level":"info","time":"2025-07-12T01:35:53.220Z","pid":68649,"hostname":"Lesters-MacBook-Pro.local","msg":"Transferred 163840 bytes"}
{"level":"info","time":"2025-07-12T01:35:53.250Z","pid":68649,"hostname":"Lesters-MacBook-Pro.local","msg":"Transferred 236541 bytes"}
{"level":"info","time":"2025-07-12T01:35:53.561Z","pid":68649,"hostname":"Lesters-MacBook-Pro.local","msg":"Transferred 0 bytes"}
{"level":"info","time":"2025-07-12T01:35:54.062Z","pid":68649,"hostname":"Lesters-MacBook-Pro.local","msg":"Transferred 196608 bytes"}
{"level":"info","time":"2025-07-12T01:35:54.066Z","pid":68649,"hostname":"Lesters-MacBook-Pro.local","msg":"Transferred 215533 bytes"}
{"level":"info","time":"2025-07-12T01:35:54.365Z","pid":68649,"hostname":"Lesters-MacBook-Pro.local","msg":"Transferred 0 bytes"}
{"level":"info","time":"2025-07-12T01:35:54.865Z","pid":68649,"hostname":"Lesters-MacBook-Pro.local","msg":"Transferred 229376 bytes"}
{"level":"info","time":"2025-07-12T01:35:54.868Z","pid":68649,"hostname":"Lesters-MacBook-Pro.local","msg":"Transferred 236224 bytes"}
{"level":"info","time":"2025-07-12T01:35:55.180Z","pid":68649,"hostname":"Lesters-MacBook-Pro.local","msg":"Transferred 0 bytes"}
{"level":"info","time":"2025-07-12T01:35:55.682Z","pid":68649,"hostname":"Lesters-MacBook-Pro.local","msg":"Transferred 196608 bytes"}
{"level":"info","time":"2025-07-12T01:35:55.693Z","pid":68649,"hostname":"Lesters-MacBook-Pro.local","msg":"Transferred 236046 bytes"}
{"level":"info","time":"2025-07-12T01:35:55.995Z","pid":68649,"hostname":"Lesters-MacBook-Pro.local","msg":"Transferred 0 bytes"}
{"level":"info","time":"2025-07-12T01:36:43.119Z","pid":70252,"hostname":"Lesters-MacBook-Pro.local","msg":"Processing FTP request with data"}
{"level":"info","time":"2025-07-12T01:36:43.485Z","pid":70252,"hostname":"Lesters-MacBook-Pro.local","msg":"Transferred 0 bytes"}
{"level":"info","time":"2025-07-12T01:36:43.613Z","pid":70252,"hostname":"Lesters-MacBook-Pro.local","msg":"Transferred 4301 bytes"}
{"level":"info","time":"2025-07-12T01:36:43.615Z","pid":70252,"hostname":"Lesters-MacBook-Pro.local","msg":"Created directory: public/ftp"}
{"level":"info","time":"2025-07-12T01:36:43.972Z","pid":70252,"hostname":"Lesters-MacBook-Pro.local","msg":"Transferred 0 bytes"}
{"level":"info","time":"2025-07-12T01:36:44.473Z","pid":70252,"hostname":"Lesters-MacBook-Pro.local","msg":"Transferred 180224 bytes"}
{"level":"info","time":"2025-07-12T01:36:44.666Z","pid":70252,"hostname":"Lesters-MacBook-Pro.local","msg":"Transferred 356951 bytes"}
{"level":"info","time":"2025-07-12T01:36:45.010Z","pid":70252,"hostname":"Lesters-MacBook-Pro.local","msg":"Transferred 0 bytes"}
{"level":"info","time":"2025-07-12T01:36:45.147Z","pid":70252,"hostname":"Lesters-MacBook-Pro.local","msg":"Transferred 4301 bytes"}
